Started GET "/" for ::1 at 2020-10-08 16:36:51 -0700
DEPRECATION WARNING: ActiveRecord::Base.raise_in_transactional_callbacks= is deprecated, has no effect and will be removed without replacement. (called from block (3 levels) in <class:Railtie> at /Users/carlosgarciajr/.rbenv/versions/2.5.1/lib/ruby/gems/2.5.0/gems/activerecord-5.0.7.2/lib/active_record/railtie.rb:113)
Processing by StaticPagesController#index as HTML
  Rendering static_pages/index.html.erb within layouts/application
  Rendered shared/_main_nav.html.erb (0.3ms)
  Rendered shared/_masthead.html.erb (0.2ms)
  Rendered shared/_sections_nav.html.erb (0.2ms)
  Rendered shared/_search_modal.html.erb (0.2ms)
  Rendered shared/_main_content.html.erb (0.2ms)
  Rendered static_pages/index.html.erb within layouts/application (15.2ms)
Completed 200 OK in 362ms (Views: 358.9ms | ActiveRecord: 0.0ms)


Started GET "/assets/application.self-5e5b219656abf8c4e83f7dfd5e5f4f415d8fe2348d16620303a4ed96d1b5a144.css?body=1" for ::1 at 2020-10-08 16:36:52 -0700
Started GET "/" for ::1 at 2020-10-08 16:36:53 -0700
Processing by StaticPagesController#index as HTML
  Rendering static_pages/index.html.erb within layouts/application
  Rendered shared/_main_nav.html.erb (0.2ms)
  Rendered shared/_masthead.html.erb (0.2ms)
  Rendered shared/_sections_nav.html.erb (0.2ms)
  Rendered shared/_search_modal.html.erb (0.2ms)
  Rendered shared/_main_content.html.erb (0.1ms)
  Rendered static_pages/index.html.erb within layouts/application (13.2ms)
Completed 200 OK in 29ms (Views: 26.9ms | ActiveRecord: 0.0ms)


Started GET "/" for ::1 at 2020-10-08 16:37:17 -0700
Processing by StaticPagesController#index as HTML
  Rendering static_pages/index.html.erb within layouts/application
  Rendered shared/_main_nav.html.erb (0.2ms)
  Rendered shared/_masthead.html.erb (0.2ms)
  Rendered shared/_sections_nav.html.erb (0.2ms)
  Rendered shared/_search_modal.html.erb (0.2ms)
  Rendered shared/_main_content.html.erb (0.2ms)
  Rendered static_pages/index.html.erb within layouts/application (14.6ms)
Completed 200 OK in 35ms (Views: 31.8ms | ActiveRecord: 0.0ms)


Started GET "/" for ::1 at 2020-10-08 16:37:20 -0700
Processing by StaticPagesController#index as HTML
  Rendering static_pages/index.html.erb within layouts/application
  Rendered shared/_main_nav.html.erb (0.2ms)
  Rendered shared/_masthead.html.erb (0.2ms)
  Rendered shared/_sections_nav.html.erb (0.2ms)
  Rendered shared/_search_modal.html.erb (0.2ms)
  Rendered shared/_main_content.html.erb (0.2ms)
  Rendered static_pages/index.html.erb within layouts/application (12.8ms)
Completed 200 OK in 30ms (Views: 27.7ms | ActiveRecord: 0.0ms)


Started GET "/" for ::1 at 2020-10-09 09:59:50 -0700
DEPRECATION WARNING: ActiveRecord::Base.raise_in_transactional_callbacks= is deprecated, has no effect and will be removed without replacement. (called from block (3 levels) in <class:Railtie> at /Users/carlosgarciajr/.rbenv/versions/2.5.1/lib/ruby/gems/2.5.0/gems/activerecord-5.0.7.2/lib/active_record/railtie.rb:113)
Processing by StaticPagesController#index as HTML
  Rendering static_pages/index.html.erb within layouts/application
  Rendered shared/_main_nav.html.erb (0.3ms)
  Rendered shared/_masthead.html.erb (0.2ms)
  Rendered shared/_sections_nav.html.erb (0.2ms)
  Rendered shared/_search_modal.html.erb (0.2ms)
  Rendered shared/_main_content.html.erb (0.2ms)
  Rendered static_pages/index.html.erb within layouts/application (15.4ms)
Completed 200 OK in 353ms (Views: 350.1ms | ActiveRecord: 0.0ms)


Started GET "/assets/application.self-7aae4f884d21c0f895d0e25909b4a3857ca3f7bdd4412baf28bf32a8b1f558b1.css?body=1" for ::1 at 2020-10-09 09:59:51 -0700
Started GET "/" for ::1 at 2020-10-09 10:00:16 -0700
Processing by StaticPagesController#index as HTML
  Rendering static_pages/index.html.erb within layouts/application
  Rendered shared/_main_nav.html.erb (0.2ms)
  Rendered shared/_masthead.html.erb (0.2ms)
  Rendered shared/_sections_nav.html.erb (0.1ms)
  Rendered shared/_search_modal.html.erb (0.2ms)
  Rendered shared/_main_content.html.erb (0.4ms)
  Rendered static_pages/index.html.erb within layouts/application (12.9ms)
Completed 200 OK in 34ms (Views: 30.5ms | ActiveRecord: 0.0ms)


Started GET "/assets/new_office.jpg" for ::1 at 2020-10-09 10:00:16 -0700
Started GET "/" for ::1 at 2020-10-09 10:03:51 -0700
Processing by StaticPagesController#index as HTML
  Rendering static_pages/index.html.erb within layouts/application
  Rendered shared/_main_nav.html.erb (0.2ms)
  Rendered shared/_masthead.html.erb (0.2ms)
  Rendered shared/_sections_nav.html.erb (0.3ms)
  Rendered shared/_search_modal.html.erb (0.2ms)
  Rendered shared/_main_content.html.erb (0.3ms)
  Rendered static_pages/index.html.erb within layouts/application (13.1ms)
Completed 200 OK in 109ms (Views: 104.9ms | ActiveRecord: 0.0ms)


Started GET "/assets/application.self-e229079662ba64eec2df88cc9898f07a6b5005419aa37c928d3d684a6d58d3e4.css?body=1" for ::1 at 2020-10-09 10:03:51 -0700
Started GET "/assets/new_office.jpg" for ::1 at 2020-10-09 10:03:51 -0700
Started GET "/" for ::1 at 2020-10-12 13:48:14 -0700
DEPRECATION WARNING: ActiveRecord::Base.raise_in_transactional_callbacks= is deprecated, has no effect and will be removed without replacement. (called from block (3 levels) in <class:Railtie> at /Users/carlosgarciajr/.rbenv/versions/2.5.1/lib/ruby/gems/2.5.0/gems/activerecord-5.0.7.2/lib/active_record/railtie.rb:113)
Processing by StaticPagesController#index as HTML
  Rendering static_pages/index.html.erb within layouts/application
  Rendered shared/_main_nav.html.erb (0.2ms)
  Rendered shared/_masthead.html.erb (0.1ms)
  Rendered shared/_sections_nav.html.erb (0.1ms)
  Rendered shared/_search_modal.html.erb (0.2ms)
  Rendered shared/_main_content.html.erb (0.3ms)
  Rendered static_pages/index.html.erb within layouts/application (14.5ms)
Completed 500 Internal Server Error in 194ms (ActiveRecord: 0.0ms)



Sass::SyntaxError - File to import not found or unreadable: base/grid.scss.
Load paths:
  /Users/carlosgarciajr/Documents/programming/app_academy_work/curriculum/html-css/projects/aa_times/skeleton/app/assets/images
  /Users/carlosgarciajr/Documents/programming/app_academy_work/curriculum/html-css/projects/aa_times/skeleton/app/assets/javascripts
  /Users/carlosgarciajr/Documents/programming/app_academy_work/curriculum/html-css/projects/aa_times/skeleton/app/assets/stylesheets
  /Users/carlosgarciajr/Documents/programming/app_academy_work/curriculum/html-css/projects/aa_times/skeleton/vendor/assets/javascripts
  /Users/carlosgarciajr/Documents/programming/app_academy_work/curriculum/html-css/projects/aa_times/skeleton/vendor/assets/stylesheets
  /Users/carlosgarciajr/.rbenv/versions/2.5.1/lib/ruby/gems/2.5.0/gems/jquery-rails-4.4.0/vendor/assets/javascripts
  /Users/carlosgarciajr/.rbenv/versions/2.5.1/lib/ruby/gems/2.5.0/gems/coffee-rails-4.2.2/lib/assets/javascripts
  /Users/carlosgarciajr/.rbenv/versions/2.5.1/lib/ruby/gems/2.5.0/gems/actioncable-5.0.7.2/lib/assets/compiled:
  app/views/layouts/application.html.erb:7:in `_app_views_layouts_application_html_erb___270333905406359367_70279989431840'

Started POST "/__better_errors/927a171e4587d656/variables" for ::1 at 2020-10-12 13:48:14 -0700
Started GET "/" for ::1 at 2020-10-12 13:48:41 -0700
Processing by StaticPagesController#index as HTML
  Rendering static_pages/index.html.erb within layouts/application
  Rendered shared/_main_nav.html.erb (0.2ms)
  Rendered shared/_masthead.html.erb (0.1ms)
  Rendered shared/_sections_nav.html.erb (0.3ms)
  Rendered shared/_search_modal.html.erb (0.3ms)
  Rendered shared/_main_content.html.erb (0.2ms)
  Rendered static_pages/index.html.erb within layouts/application (12.8ms)
Completed 200 OK in 110ms (Views: 107.4ms | ActiveRecord: 0.0ms)


Started GET "/assets/application.self-1237ad35a9ee79bd64030d4638d1fd80f6734c490eb538e0dd01d7af3c16bf40.css?body=1" for ::1 at 2020-10-12 13:48:41 -0700
Started GET "/" for ::1 at 2020-10-12 13:48:43 -0700
Processing by StaticPagesController#index as HTML
  Rendering static_pages/index.html.erb within layouts/application
  Rendered shared/_main_nav.html.erb (0.2ms)
  Rendered shared/_masthead.html.erb (0.2ms)
  Rendered shared/_sections_nav.html.erb (0.2ms)
  Rendered shared/_search_modal.html.erb (0.2ms)
  Rendered shared/_main_content.html.erb (0.2ms)
  Rendered static_pages/index.html.erb within layouts/application (13.1ms)
Completed 200 OK in 33ms (Views: 29.9ms | ActiveRecord: 0.0ms)


Started GET "/" for ::1 at 2020-10-12 13:55:52 -0700
DEPRECATION WARNING: ActiveRecord::Base.raise_in_transactional_callbacks= is deprecated, has no effect and will be removed without replacement. (called from block (3 levels) in <class:Railtie> at /Users/carlosgarciajr/.rbenv/versions/2.5.1/lib/ruby/gems/2.5.0/gems/activerecord-5.0.7.2/lib/active_record/railtie.rb:113)
Processing by StaticPagesController#index as HTML
  Rendering static_pages/index.html.erb within layouts/application
  Rendered shared/_main_nav.html.erb (0.2ms)
  Rendered shared/_masthead.html.erb (0.1ms)
  Rendered shared/_sections_nav.html.erb (0.3ms)
  Rendered shared/_search_modal.html.erb (0.2ms)
  Rendered shared/_main_content.html.erb (0.3ms)
  Rendered static_pages/index.html.erb within layouts/application (14.6ms)
Completed 200 OK in 257ms (Views: 254.8ms | ActiveRecord: 0.0ms)


Started GET "/assets/application.self-758afe40c177e32f890a8b8e23f11571b5d1785af915c0789bd6a19191afc6ab.css?body=1" for ::1 at 2020-10-12 13:55:52 -0700
Started GET "/assets/new_office.jpg" for ::1 at 2020-10-12 13:55:52 -0700
Started GET "/" for ::1 at 2020-10-12 13:56:32 -0700
Processing by StaticPagesController#index as HTML
  Rendering static_pages/index.html.erb within layouts/application
  Rendered shared/_main_nav.html.erb (0.1ms)
  Rendered shared/_masthead.html.erb (0.2ms)
  Rendered shared/_sections_nav.html.erb (0.1ms)
  Rendered shared/_search_modal.html.erb (0.3ms)
  Rendered shared/_main_content.html.erb (0.3ms)
  Rendered static_pages/index.html.erb within layouts/application (12.3ms)
Completed 200 OK in 75ms (Views: 72.8ms | ActiveRecord: 0.0ms)


Started GET "/assets/application.self-e229079662ba64eec2df88cc9898f07a6b5005419aa37c928d3d684a6d58d3e4.css?body=1" for ::1 at 2020-10-12 13:56:32 -0700
Started GET "/assets/new_office.jpg" for ::1 at 2020-10-12 13:56:32 -0700
Started GET "/" for ::1 at 2020-10-12 13:56:33 -0700
Processing by StaticPagesController#index as HTML
  Rendering static_pages/index.html.erb within layouts/application
  Rendered shared/_main_nav.html.erb (0.2ms)
  Rendered shared/_masthead.html.erb (0.2ms)
  Rendered shared/_sections_nav.html.erb (0.2ms)
  Rendered shared/_search_modal.html.erb (0.2ms)
  Rendered shared/_main_content.html.erb (0.2ms)
  Rendered static_pages/index.html.erb within layouts/application (12.9ms)
Completed 200 OK in 34ms (Views: 31.3ms | ActiveRecord: 0.0ms)


Started GET "/assets/new_office.jpg" for ::1 at 2020-10-12 13:56:33 -0700
Started GET "/" for ::1 at 2020-10-12 13:57:15 -0700
Processing by StaticPagesController#index as HTML
  Rendering static_pages/index.html.erb within layouts/application
  Rendered shared/_main_nav.html.erb (0.2ms)
  Rendered shared/_masthead.html.erb (0.2ms)
  Rendered shared/_sections_nav.html.erb (0.2ms)
  Rendered shared/_search_modal.html.erb (0.2ms)
  Rendered shared/_main_content.html.erb (0.3ms)
  Rendered static_pages/index.html.erb within layouts/application (12.6ms)
Completed 200 OK in 92ms (Views: 88.2ms | ActiveRecord: 0.0ms)


Started GET "/assets/application.self-7aae4f884d21c0f895d0e25909b4a3857ca3f7bdd4412baf28bf32a8b1f558b1.css?body=1" for ::1 at 2020-10-12 13:57:15 -0700
Started GET "/assets/new_office.jpg" for ::1 at 2020-10-12 13:57:15 -0700
Started GET "/cats" for ::1 at 2021-02-11 13:41:59 -0500
DEPRECATION WARNING: ActiveRecord::Base.raise_in_transactional_callbacks= is deprecated, has no effect and will be removed without replacement. (called from block (3 levels) in <class:Railtie> at /home/alejandro/.rbenv/versions/2.5.1/lib/ruby/gems/2.5.0/gems/activerecord-5.0.7.2/lib/active_record/railtie.rb:113)
  
ActionController::RoutingError (No route matches [GET] "/cats"):
  
actionpack (5.0.7.2) lib/action_dispatch/middleware/debug_exceptions.rb:53:in `call'
web-console (3.7.0) lib/web_console/middleware.rb:135:in `call_app'
web-console (3.7.0) lib/web_console/middleware.rb:30:in `block in call'
web-console (3.7.0) lib/web_console/middleware.rb:20:in `catch'
web-console (3.7.0) lib/web_console/middleware.rb:20:in `call'
actionpack (5.0.7.2) lib/action_dispatch/middleware/show_exceptions.rb:31:in `call'
railties (5.0.7.2) lib/rails/rack/logger.rb:36:in `call_app'
railties (5.0.7.2) lib/rails/rack/logger.rb:24:in `block in call'
activesupport (5.0.7.2) lib/active_support/tagged_logging.rb:69:in `block in tagged'
activesupport (5.0.7.2) lib/active_support/tagged_logging.rb:26:in `tagged'
activesupport (5.0.7.2) lib/active_support/tagged_logging.rb:69:in `tagged'
railties (5.0.7.2) lib/rails/rack/logger.rb:24:in `call'
actionpack (5.0.7.2) lib/action_dispatch/middleware/request_id.rb:24:in `call'
rack (2.2.3) lib/rack/method_override.rb:24:in `call'
rack (2.2.3) lib/rack/runtime.rb:22:in `call'
activesupport (5.0.7.2) lib/active_support/cache/strategy/local_cache_middleware.rb:28:in `call'
actionpack (5.0.7.2) lib/action_dispatch/middleware/executor.rb:12:in `call'
rack-livereload (0.3.17) lib/rack/livereload.rb:23:in `_call'
rack-livereload (0.3.17) lib/rack/livereload.rb:14:in `call'
actionpack (5.0.7.2) lib/action_dispatch/middleware/static.rb:136:in `call'
rack (2.2.3) lib/rack/sendfile.rb:110:in `call'
railties (5.0.7.2) lib/rails/engine.rb:522:in `call'
puma (3.12.6) lib/puma/configuration.rb:227:in `call'
puma (3.12.6) lib/puma/server.rb:706:in `handle_request'
puma (3.12.6) lib/puma/server.rb:476:in `process_client'
puma (3.12.6) lib/puma/server.rb:334:in `block in run'
puma (3.12.6) lib/puma/thread_pool.rb:135:in `block in spawn_thread'
  Rendering /home/alejandro/.rbenv/versions/2.5.1/lib/ruby/gems/2.5.0/gems/actionpack-5.0.7.2/lib/action_dispatch/middleware/templates/rescues/routing_error.html.erb within rescues/layout
  Rendering /home/alejandro/.rbenv/versions/2.5.1/lib/ruby/gems/2.5.0/gems/actionpack-5.0.7.2/lib/action_dispatch/middleware/templates/rescues/_trace.html.erb
  Rendered /home/alejandro/.rbenv/versions/2.5.1/lib/ruby/gems/2.5.0/gems/actionpack-5.0.7.2/lib/action_dispatch/middleware/templates/rescues/_trace.html.erb (0.7ms)
  Rendered collection of /home/alejandro/.rbenv/versions/2.5.1/lib/ruby/gems/2.5.0/gems/actionpack-5.0.7.2/lib/action_dispatch/middleware/templates/routes/_route.html.erb [1 times] (2.5ms)
  Rendered /home/alejandro/.rbenv/versions/2.5.1/lib/ruby/gems/2.5.0/gems/actionpack-5.0.7.2/lib/action_dispatch/middleware/templates/routes/_table.html.erb (54.5ms)
  Rendering /home/alejandro/.rbenv/versions/2.5.1/lib/ruby/gems/2.5.0/gems/actionpack-5.0.7.2/lib/action_dispatch/middleware/templates/rescues/_request_and_response.html.erb
  Rendered /home/alejandro/.rbenv/versions/2.5.1/lib/ruby/gems/2.5.0/gems/actionpack-5.0.7.2/lib/action_dispatch/middleware/templates/rescues/_request_and_response.html.erb (17.0ms)
  Rendered /home/alejandro/.rbenv/versions/2.5.1/lib/ruby/gems/2.5.0/gems/actionpack-5.0.7.2/lib/action_dispatch/middleware/templates/rescues/routing_error.html.erb within rescues/layout (229.3ms)
Started GET "/" for ::1 at 2021-02-11 13:42:02 -0500
Processing by StaticPagesController#index as HTML
  Rendering static_pages/index.html.erb within layouts/application
  Rendered shared/_main_nav.html.erb (0.3ms)
  Rendered shared/_masthead.html.erb (0.2ms)
  Rendered shared/_sections_nav.html.erb (0.2ms)
  Rendered shared/_search_modal.html.erb (0.2ms)
  Rendered shared/_main_content.html.erb (0.2ms)
  Rendered static_pages/index.html.erb within layouts/application (9.8ms)
Completed 200 OK in 629ms (Views: 627.3ms | ActiveRecord: 0.0ms)


Started GET "/assets/application.self-1e1b2fb555f69df807e8ccaf365b17482597e67872890ff8278d4ab2d8f3492c.css?body=1" for ::1 at 2021-02-11 13:42:03 -0500
Started GET "/assets/jquery.self-bd7ddd393353a8d2480a622e80342adf488fb6006d667e8b42e4c0073393abee.js?body=1" for ::1 at 2021-02-11 13:42:03 -0500
Started GET "/assets/components/modal.self-52188644dbb47def5ee35ae02e69eb567ca9b664472357a8a5789dd39032a265.js?body=1" for ::1 at 2021-02-11 13:42:03 -0500
Started GET "/assets/jquery_ujs.self-784a997f6726036b1993eb2217c9cb558e1cbb801c6da88105588c56f13b466a.js?body=1" for ::1 at 2021-02-11 13:42:03 -0500
Started GET "/assets/components/sidebar.self-2a1277f850a6fa21e1a974ef5152f177ac05516477d5081d593bb137b3d6808b.js?body=1" for ::1 at 2021-02-11 13:42:03 -0500
Started GET "/assets/application.self-f571b9db02bf4ed04c38a6a29072ac382f7d4f47db1fab9817aeadb0d8665235.js?body=1" for ::1 at 2021-02-11 13:42:03 -0500
Started GET "/assets/application.self-1e1b2fb555f69df807e8ccaf365b17482597e67872890ff8278d4ab2d8f3492c.css?body=1&livereload=1613069210847" for ::1 at 2021-02-11 13:46:50 -0500
Started GET "/assets/application.self-1e1b2fb555f69df807e8ccaf365b17482597e67872890ff8278d4ab2d8f3492c.css?body=1&livereload=1613069210859" for ::1 at 2021-02-11 13:46:50 -0500
Started GET "/assets/application.self-1e1b2fb555f69df807e8ccaf365b17482597e67872890ff8278d4ab2d8f3492c.css?body=1&livereload=1613069220899" for ::1 at 2021-02-11 13:47:00 -0500
Started GET "/assets/application.self-1e1b2fb555f69df807e8ccaf365b17482597e67872890ff8278d4ab2d8f3492c.css?body=1&livereload=1613069220900" for ::1 at 2021-02-11 13:47:00 -0500
Started GET "/assets/application.self-1e1b2fb555f69df807e8ccaf365b17482597e67872890ff8278d4ab2d8f3492c.css?body=1&livereload=1613069273974" for ::1 at 2021-02-11 13:47:53 -0500
Started GET "/assets/application.self-1e1b2fb555f69df807e8ccaf365b17482597e67872890ff8278d4ab2d8f3492c.css?body=1&livereload=1613069273977" for ::1 at 2021-02-11 13:47:53 -0500
Started GET "/" for ::1 at 2021-02-11 13:48:01 -0500
Processing by StaticPagesController#index as HTML
  Rendering static_pages/index.html.erb within layouts/application
  Rendered shared/_main_nav.html.erb (0.1ms)
  Rendered shared/_masthead.html.erb (0.1ms)
  Rendered shared/_sections_nav.html.erb (0.1ms)
  Rendered shared/_search_modal.html.erb (0.4ms)
  Rendered shared/_main_content.html.erb (0.2ms)
  Rendered static_pages/index.html.erb within layouts/application (12.6ms)
Completed 200 OK in 39ms (Views: 36.7ms | ActiveRecord: 0.0ms)


Started GET "/assets/application.self-3d6247e28b3d3aeaf037c34c3a9631c7d06d48dcfd7131b32ba7a06b3677d35a.css?body=1" for ::1 at 2021-02-11 13:48:01 -0500
Started GET "/assets/application.self-3d6247e28b3d3aeaf037c34c3a9631c7d06d48dcfd7131b32ba7a06b3677d35a.css?body=1&livereload=1613069284928" for ::1 at 2021-02-11 13:48:04 -0500
Started GET "/assets/application.self-3d6247e28b3d3aeaf037c34c3a9631c7d06d48dcfd7131b32ba7a06b3677d35a.css?body=1&livereload=1613069284931" for ::1 at 2021-02-11 13:48:04 -0500
Started GET "/assets/application.self-3d6247e28b3d3aeaf037c34c3a9631c7d06d48dcfd7131b32ba7a06b3677d35a.css?body=1&livereload=1613069301590" for ::1 at 2021-02-11 13:48:21 -0500
Started GET "/assets/application.self-3d6247e28b3d3aeaf037c34c3a9631c7d06d48dcfd7131b32ba7a06b3677d35a.css?body=1&livereload=1613069301592" for ::1 at 2021-02-11 13:48:21 -0500
Started GET "/assets/application.self-3d6247e28b3d3aeaf037c34c3a9631c7d06d48dcfd7131b32ba7a06b3677d35a.css?body=1&livereload=1613069310375" for ::1 at 2021-02-11 13:48:30 -0500
Started GET "/assets/application.self-3d6247e28b3d3aeaf037c34c3a9631c7d06d48dcfd7131b32ba7a06b3677d35a.css?body=1&livereload=1613069310377" for ::1 at 2021-02-11 13:48:30 -0500
Started GET "/" for ::1 at 2021-02-11 13:48:44 -0500
Processing by StaticPagesController#index as HTML
  Rendering static_pages/index.html.erb within layouts/application
  Rendered shared/_main_nav.html.erb (0.1ms)
  Rendered shared/_masthead.html.erb (0.1ms)
  Rendered shared/_sections_nav.html.erb (0.1ms)
  Rendered shared/_search_modal.html.erb (0.2ms)
  Rendered shared/_main_content.html.erb (0.2ms)
  Rendered static_pages/index.html.erb within layouts/application (9.3ms)
Completed 200 OK in 35ms (Views: 33.9ms | ActiveRecord: 0.0ms)


Started GET "/assets/application.self-8625f7168f53e62e50447b6fe0d2310d9ae15168d617a16005f1ebd9125da350.css?body=1" for ::1 at 2021-02-11 13:48:44 -0500
Started GET "/assets/application.self-8625f7168f53e62e50447b6fe0d2310d9ae15168d617a16005f1ebd9125da350.css?body=1&livereload=1613069337352" for ::1 at 2021-02-11 13:48:57 -0500
Started GET "/assets/application.self-8625f7168f53e62e50447b6fe0d2310d9ae15168d617a16005f1ebd9125da350.css?body=1&livereload=1613069337353" for ::1 at 2021-02-11 13:48:57 -0500
Started GET "/assets/application.self-8625f7168f53e62e50447b6fe0d2310d9ae15168d617a16005f1ebd9125da350.css?body=1&livereload=1613069342702" for ::1 at 2021-02-11 13:49:02 -0500
Started GET "/assets/application.self-8625f7168f53e62e50447b6fe0d2310d9ae15168d617a16005f1ebd9125da350.css?body=1&livereload=1613069342703" for ::1 at 2021-02-11 13:49:02 -0500
Started GET "/assets/application.self-8625f7168f53e62e50447b6fe0d2310d9ae15168d617a16005f1ebd9125da350.css?body=1&livereload=1613069355472" for ::1 at 2021-02-11 13:49:15 -0500
Started GET "/assets/application.self-8625f7168f53e62e50447b6fe0d2310d9ae15168d617a16005f1ebd9125da350.css?body=1&livereload=1613069355473" for ::1 at 2021-02-11 13:49:15 -0500
Started GET "/assets/application.self-8625f7168f53e62e50447b6fe0d2310d9ae15168d617a16005f1ebd9125da350.css?body=1&livereload=1613069365887" for ::1 at 2021-02-11 13:49:25 -0500
Started GET "/assets/application.self-8625f7168f53e62e50447b6fe0d2310d9ae15168d617a16005f1ebd9125da350.css?body=1&livereload=1613069365889" for ::1 at 2021-02-11 13:49:25 -0500
Started GET "/assets/application.self-8625f7168f53e62e50447b6fe0d2310d9ae15168d617a16005f1ebd9125da350.css?body=1&livereload=1613069368151" for ::1 at 2021-02-11 13:49:28 -0500
Started GET "/assets/application.self-8625f7168f53e62e50447b6fe0d2310d9ae15168d617a16005f1ebd9125da350.css?body=1&livereload=1613069368151&livereload=1613069368151" for ::1 at 2021-02-11 13:49:28 -0500
Started GET "/assets/application.self-8625f7168f53e62e50447b6fe0d2310d9ae15168d617a16005f1ebd9125da350.css?body=1&livereload=1613069373404&livereload=1613069368151" for ::1 at 2021-02-11 13:49:33 -0500
Started GET "/assets/application.self-8625f7168f53e62e50447b6fe0d2310d9ae15168d617a16005f1ebd9125da350.css?body=1&livereload=1613069373406&livereload=1613069368151" for ::1 at 2021-02-11 13:49:33 -0500
Started GET "/assets/application.self-8625f7168f53e62e50447b6fe0d2310d9ae15168d617a16005f1ebd9125da350.css?body=1&livereload=1613069389526&livereload=1613069368151" for ::1 at 2021-02-11 13:49:49 -0500
Started GET "/assets/application.self-8625f7168f53e62e50447b6fe0d2310d9ae15168d617a16005f1ebd9125da350.css?body=1&livereload=1613069389530&livereload=1613069368151" for ::1 at 2021-02-11 13:49:49 -0500
Started GET "/assets/application.self-8625f7168f53e62e50447b6fe0d2310d9ae15168d617a16005f1ebd9125da350.css?body=1&livereload=1613069395681&livereload=1613069368151" for ::1 at 2021-02-11 13:49:55 -0500
Started GET "/assets/application.self-8625f7168f53e62e50447b6fe0d2310d9ae15168d617a16005f1ebd9125da350.css?body=1&livereload=1613069395682&livereload=1613069368151" for ::1 at 2021-02-11 13:49:55 -0500
Started GET "/assets/application.self-8625f7168f53e62e50447b6fe0d2310d9ae15168d617a16005f1ebd9125da350.css?body=1&livereload=1613069428556&livereload=1613069368151" for ::1 at 2021-02-11 13:50:28 -0500
Started GET "/assets/application.self-8625f7168f53e62e50447b6fe0d2310d9ae15168d617a16005f1ebd9125da350.css?body=1&livereload=1613069428559&livereload=1613069368151" for ::1 at 2021-02-11 13:50:28 -0500
Started GET "/assets/application.self-8625f7168f53e62e50447b6fe0d2310d9ae15168d617a16005f1ebd9125da350.css?body=1&livereload=1613069438064&livereload=1613069368151" for ::1 at 2021-02-11 13:50:38 -0500
Started GET "/assets/application.self-8625f7168f53e62e50447b6fe0d2310d9ae15168d617a16005f1ebd9125da350.css?body=1&livereload=1613069438065&livereload=1613069368151" for ::1 at 2021-02-11 13:50:38 -0500
Started GET "/assets/application.self-8625f7168f53e62e50447b6fe0d2310d9ae15168d617a16005f1ebd9125da350.css?body=1&livereload=1613069476006&livereload=1613069368151" for ::1 at 2021-02-11 13:51:16 -0500
Started GET "/assets/application.self-8625f7168f53e62e50447b6fe0d2310d9ae15168d617a16005f1ebd9125da350.css?body=1&livereload=1613069476008&livereload=1613069368151" for ::1 at 2021-02-11 13:51:16 -0500
Started GET "/assets/application.self-8625f7168f53e62e50447b6fe0d2310d9ae15168d617a16005f1ebd9125da350.css?body=1&livereload=1613069480624&livereload=1613069368151" for ::1 at 2021-02-11 13:51:20 -0500
Started GET "/assets/application.self-8625f7168f53e62e50447b6fe0d2310d9ae15168d617a16005f1ebd9125da350.css?body=1&livereload=1613069480625&livereload=1613069368151" for ::1 at 2021-02-11 13:51:20 -0500
Started GET "/assets/application.self-8625f7168f53e62e50447b6fe0d2310d9ae15168d617a16005f1ebd9125da350.css?body=1&livereload=1613069489315&livereload=1613069368151" for ::1 at 2021-02-11 13:51:29 -0500
Started GET "/assets/application.self-8625f7168f53e62e50447b6fe0d2310d9ae15168d617a16005f1ebd9125da350.css?body=1&livereload=1613069489317&livereload=1613069368151" for ::1 at 2021-02-11 13:51:29 -0500
Started GET "/assets/application.self-8625f7168f53e62e50447b6fe0d2310d9ae15168d617a16005f1ebd9125da350.css?body=1&livereload=1613069499370&livereload=1613069368151" for ::1 at 2021-02-11 13:51:39 -0500
Started GET "/assets/application.self-8625f7168f53e62e50447b6fe0d2310d9ae15168d617a16005f1ebd9125da350.css?body=1&livereload=1613069499373&livereload=1613069368151" for ::1 at 2021-02-11 13:51:39 -0500
Started GET "/assets/application.self-8625f7168f53e62e50447b6fe0d2310d9ae15168d617a16005f1ebd9125da350.css?body=1&livereload=1613069503447&livereload=1613069368151" for ::1 at 2021-02-11 13:51:43 -0500
Started GET "/assets/application.self-8625f7168f53e62e50447b6fe0d2310d9ae15168d617a16005f1ebd9125da350.css?body=1&livereload=1613069503448&livereload=1613069368151" for ::1 at 2021-02-11 13:51:43 -0500
Started GET "/assets/application.self-8625f7168f53e62e50447b6fe0d2310d9ae15168d617a16005f1ebd9125da350.css?body=1&livereload=1613069513047&livereload=1613069368151" for ::1 at 2021-02-11 13:51:53 -0500
Started GET "/assets/application.self-8625f7168f53e62e50447b6fe0d2310d9ae15168d617a16005f1ebd9125da350.css?body=1&livereload=1613069513049&livereload=1613069368151" for ::1 at 2021-02-11 13:51:53 -0500
Started GET "/" for ::1 at 2021-02-11 13:52:30 -0500
Processing by StaticPagesController#index as HTML
  Rendering static_pages/index.html.erb within layouts/application
  Rendered shared/_main_nav.html.erb (0.2ms)
  Rendered shared/_masthead.html.erb (0.1ms)
  Rendered shared/_sections_nav.html.erb (0.2ms)
  Rendered shared/_search_modal.html.erb (0.3ms)
  Rendered shared/_main_content.html.erb (0.2ms)
  Rendered static_pages/index.html.erb within layouts/application (10.9ms)
Completed 200 OK in 43ms (Views: 41.1ms | ActiveRecord: 0.0ms)


Started GET "/assets/application.self-f6f56a81e3247aa6a23140d184e94eb2f047066a54b907c44e11a297c4ac69b1.css?body=1" for ::1 at 2021-02-11 13:52:30 -0500
Started GET "/assets/application.self-f6f56a81e3247aa6a23140d184e94eb2f047066a54b907c44e11a297c4ac69b1.css?body=1&livereload=1613069612033" for ::1 at 2021-02-11 13:53:32 -0500
Started GET "/assets/application.self-f6f56a81e3247aa6a23140d184e94eb2f047066a54b907c44e11a297c4ac69b1.css?body=1&livereload=1613069612037" for ::1 at 2021-02-11 13:53:32 -0500
Started GET "/assets/application.self-f6f56a81e3247aa6a23140d184e94eb2f047066a54b907c44e11a297c4ac69b1.css?body=1&livereload=1613069620362" for ::1 at 2021-02-11 13:53:40 -0500
Started GET "/assets/application.self-f6f56a81e3247aa6a23140d184e94eb2f047066a54b907c44e11a297c4ac69b1.css?body=1&livereload=1613069620364" for ::1 at 2021-02-11 13:53:40 -0500
Started GET "/assets/application.self-f6f56a81e3247aa6a23140d184e94eb2f047066a54b907c44e11a297c4ac69b1.css?body=1&livereload=1613069689927" for ::1 at 2021-02-11 13:54:49 -0500
Started GET "/assets/application.self-f6f56a81e3247aa6a23140d184e94eb2f047066a54b907c44e11a297c4ac69b1.css?body=1&livereload=1613069689928" for ::1 at 2021-02-11 13:54:49 -0500
Started GET "/assets/application.self-f6f56a81e3247aa6a23140d184e94eb2f047066a54b907c44e11a297c4ac69b1.css?body=1&livereload=1613069695269" for ::1 at 2021-02-11 13:54:55 -0500
Started GET "/assets/application.self-f6f56a81e3247aa6a23140d184e94eb2f047066a54b907c44e11a297c4ac69b1.css?body=1&livereload=1613069695270" for ::1 at 2021-02-11 13:54:55 -0500
Started GET "/assets/application.self-f6f56a81e3247aa6a23140d184e94eb2f047066a54b907c44e11a297c4ac69b1.css?body=1&livereload=1613069704691" for ::1 at 2021-02-11 13:55:04 -0500
Started GET "/assets/application.self-f6f56a81e3247aa6a23140d184e94eb2f047066a54b907c44e11a297c4ac69b1.css?body=1&livereload=1613069704692" for ::1 at 2021-02-11 13:55:04 -0500
Started GET "/assets/application.self-f6f56a81e3247aa6a23140d184e94eb2f047066a54b907c44e11a297c4ac69b1.css?body=1&livereload=1613069710847" for ::1 at 2021-02-11 13:55:10 -0500
Started GET "/assets/application.self-f6f56a81e3247aa6a23140d184e94eb2f047066a54b907c44e11a297c4ac69b1.css?body=1&livereload=1613069710849" for ::1 at 2021-02-11 13:55:10 -0500
Started GET "/assets/application.self-f6f56a81e3247aa6a23140d184e94eb2f047066a54b907c44e11a297c4ac69b1.css?body=1&livereload=1613069714108" for ::1 at 2021-02-11 13:55:14 -0500
Started GET "/assets/application.self-f6f56a81e3247aa6a23140d184e94eb2f047066a54b907c44e11a297c4ac69b1.css?body=1&livereload=1613069714110" for ::1 at 2021-02-11 13:55:14 -0500
Started GET "/assets/application.self-f6f56a81e3247aa6a23140d184e94eb2f047066a54b907c44e11a297c4ac69b1.css?body=1&livereload=1613069719363" for ::1 at 2021-02-11 13:55:19 -0500
Started GET "/assets/application.self-f6f56a81e3247aa6a23140d184e94eb2f047066a54b907c44e11a297c4ac69b1.css?body=1&livereload=1613069719366" for ::1 at 2021-02-11 13:55:19 -0500
Started GET "/assets/application.self-f6f56a81e3247aa6a23140d184e94eb2f047066a54b907c44e11a297c4ac69b1.css?body=1&livereload=1613069723437" for ::1 at 2021-02-11 13:55:23 -0500
Started GET "/assets/application.self-f6f56a81e3247aa6a23140d184e94eb2f047066a54b907c44e11a297c4ac69b1.css?body=1&livereload=1613069723438" for ::1 at 2021-02-11 13:55:23 -0500
Started GET "/assets/application.self-f6f56a81e3247aa6a23140d184e94eb2f047066a54b907c44e11a297c4ac69b1.css?body=1&livereload=1613069726877" for ::1 at 2021-02-11 13:55:26 -0500
Started GET "/assets/application.self-f6f56a81e3247aa6a23140d184e94eb2f047066a54b907c44e11a297c4ac69b1.css?body=1&livereload=1613069726878" for ::1 at 2021-02-11 13:55:26 -0500
Started GET "/assets/application.self-f6f56a81e3247aa6a23140d184e94eb2f047066a54b907c44e11a297c4ac69b1.css?body=1&livereload=1613069737393" for ::1 at 2021-02-11 13:55:37 -0500
Started GET "/assets/application.self-f6f56a81e3247aa6a23140d184e94eb2f047066a54b907c44e11a297c4ac69b1.css?body=1&livereload=1613069737395" for ::1 at 2021-02-11 13:55:37 -0500
Started GET "/assets/application.self-f6f56a81e3247aa6a23140d184e94eb2f047066a54b907c44e11a297c4ac69b1.css?body=1&livereload=1613069738026" for ::1 at 2021-02-11 13:55:38 -0500
Started GET "/assets/application.self-f6f56a81e3247aa6a23140d184e94eb2f047066a54b907c44e11a297c4ac69b1.css?body=1&livereload=1613069738027" for ::1 at 2021-02-11 13:55:38 -0500
Started GET "/" for ::1 at 2021-02-11 13:55:40 -0500
Processing by StaticPagesController#index as HTML
  Rendering static_pages/index.html.erb within layouts/application
  Rendered shared/_main_nav.html.erb (0.6ms)
  Rendered shared/_masthead.html.erb (0.3ms)
  Rendered shared/_sections_nav.html.erb (0.2ms)
  Rendered shared/_search_modal.html.erb (0.1ms)
  Rendered shared/_main_content.html.erb (0.1ms)
  Rendered static_pages/index.html.erb within layouts/application (11.9ms)
Completed 200 OK in 45ms (Views: 43.6ms | ActiveRecord: 0.0ms)


Started GET "/assets/application.self-3c48b260755ffd41a92a8c146837b791283f3394e3fcdc30550af739a7bb6eff.css?body=1" for ::1 at 2021-02-11 13:55:40 -0500
Started GET "/assets/application.self-3c48b260755ffd41a92a8c146837b791283f3394e3fcdc30550af739a7bb6eff.css?body=1&livereload=1613069748033" for ::1 at 2021-02-11 13:55:48 -0500
Started GET "/assets/application.self-3c48b260755ffd41a92a8c146837b791283f3394e3fcdc30550af739a7bb6eff.css?body=1&livereload=1613069748034" for ::1 at 2021-02-11 13:55:48 -0500
Started GET "/" for ::1 at 2021-02-11 13:55:49 -0500
Processing by StaticPagesController#index as HTML
  Rendering static_pages/index.html.erb within layouts/application
  Rendered shared/_main_nav.html.erb (0.2ms)
  Rendered shared/_masthead.html.erb (0.1ms)
  Rendered shared/_sections_nav.html.erb (0.1ms)
  Rendered shared/_search_modal.html.erb (0.5ms)
  Rendered shared/_main_content.html.erb (0.2ms)
  Rendered static_pages/index.html.erb within layouts/application (11.3ms)
Completed 200 OK in 43ms (Views: 41.0ms | ActiveRecord: 0.0ms)


Started GET "/assets/application.self-fbe9a95a074b6af8a56c211eed06bddc1d5a7591cb4393cc987d4daef8413049.css?body=1" for ::1 at 2021-02-11 13:55:50 -0500
Started GET "/assets/application.self-fbe9a95a074b6af8a56c211eed06bddc1d5a7591cb4393cc987d4daef8413049.css?body=1&livereload=1613069755427" for ::1 at 2021-02-11 13:55:55 -0500
Started GET "/assets/application.self-fbe9a95a074b6af8a56c211eed06bddc1d5a7591cb4393cc987d4daef8413049.css?body=1&livereload=1613069755429" for ::1 at 2021-02-11 13:55:55 -0500
Started GET "/assets/application.self-fbe9a95a074b6af8a56c211eed06bddc1d5a7591cb4393cc987d4daef8413049.css?body=1&livereload=1613069767289" for ::1 at 2021-02-11 13:56:07 -0500
Started GET "/assets/application.self-fbe9a95a074b6af8a56c211eed06bddc1d5a7591cb4393cc987d4daef8413049.css?body=1&livereload=1613069767291" for ::1 at 2021-02-11 13:56:07 -0500
Started GET "/assets/application.self-fbe9a95a074b6af8a56c211eed06bddc1d5a7591cb4393cc987d4daef8413049.css?body=1&livereload=1613069778881" for ::1 at 2021-02-11 13:56:18 -0500
Started GET "/assets/application.self-fbe9a95a074b6af8a56c211eed06bddc1d5a7591cb4393cc987d4daef8413049.css?body=1&livereload=1613069778883" for ::1 at 2021-02-11 13:56:18 -0500
Started GET "/assets/application.self-fbe9a95a074b6af8a56c211eed06bddc1d5a7591cb4393cc987d4daef8413049.css?body=1&livereload=1613069785676" for ::1 at 2021-02-11 13:56:25 -0500
Started GET "/assets/application.self-fbe9a95a074b6af8a56c211eed06bddc1d5a7591cb4393cc987d4daef8413049.css?body=1&livereload=1613069785677" for ::1 at 2021-02-11 13:56:25 -0500
Started GET "/assets/application.self-fbe9a95a074b6af8a56c211eed06bddc1d5a7591cb4393cc987d4daef8413049.css?body=1&livereload=1613069787306" for ::1 at 2021-02-11 13:56:27 -0500
Started GET "/assets/application.self-fbe9a95a074b6af8a56c211eed06bddc1d5a7591cb4393cc987d4daef8413049.css?body=1&livereload=1613069787305" for ::1 at 2021-02-11 13:56:27 -0500
Started GET "/assets/application.self-fbe9a95a074b6af8a56c211eed06bddc1d5a7591cb4393cc987d4daef8413049.css?body=1&livereload=1613069797087" for ::1 at 2021-02-11 13:56:37 -0500
Started GET "/assets/application.self-fbe9a95a074b6af8a56c211eed06bddc1d5a7591cb4393cc987d4daef8413049.css?body=1&livereload=1613069797088" for ::1 at 2021-02-11 13:56:37 -0500
Started GET "/assets/application.self-fbe9a95a074b6af8a56c211eed06bddc1d5a7591cb4393cc987d4daef8413049.css?body=1&livereload=1613070012931" for ::1 at 2021-02-11 14:00:12 -0500
Started GET "/assets/application.self-fbe9a95a074b6af8a56c211eed06bddc1d5a7591cb4393cc987d4daef8413049.css?body=1&livereload=1613070012932" for ::1 at 2021-02-11 14:00:12 -0500
Started GET "/assets/application.self-fbe9a95a074b6af8a56c211eed06bddc1d5a7591cb4393cc987d4daef8413049.css?body=1&livereload=1613070023071" for ::1 at 2021-02-11 14:00:23 -0500
Started GET "/assets/application.self-fbe9a95a074b6af8a56c211eed06bddc1d5a7591cb4393cc987d4daef8413049.css?body=1&livereload=1613070023072" for ::1 at 2021-02-11 14:00:23 -0500
Started GET "/" for ::1 at 2021-02-11 14:00:27 -0500
Processing by StaticPagesController#index as HTML
  Rendering static_pages/index.html.erb within layouts/application
  Rendered shared/_main_nav.html.erb (0.3ms)
  Rendered shared/_masthead.html.erb (0.2ms)
  Rendered shared/_sections_nav.html.erb (0.1ms)
  Rendered shared/_search_modal.html.erb (0.2ms)
  Rendered shared/_main_content.html.erb (0.2ms)
  Rendered static_pages/index.html.erb within layouts/application (10.6ms)
Completed 200 OK in 42ms (Views: 40.8ms | ActiveRecord: 0.0ms)


Started GET "/assets/application.self-39aecade0e571cb2ee99e8a87a0324d36d9c22a94ea3ae55dfe8035f4a66806b.css?body=1" for ::1 at 2021-02-11 14:00:27 -0500
Started GET "/assets/application.self-39aecade0e571cb2ee99e8a87a0324d36d9c22a94ea3ae55dfe8035f4a66806b.css?body=1&livereload=1613070059754" for ::1 at 2021-02-11 14:00:59 -0500
Started GET "/assets/application.self-39aecade0e571cb2ee99e8a87a0324d36d9c22a94ea3ae55dfe8035f4a66806b.css?body=1&livereload=1613070059755" for ::1 at 2021-02-11 14:00:59 -0500
Started GET "/" for ::1 at 2021-02-11 14:01:04 -0500
Processing by StaticPagesController#index as HTML
  Rendering static_pages/index.html.erb within layouts/application
  Rendered shared/_main_nav.html.erb (0.1ms)
  Rendered shared/_masthead.html.erb (0.4ms)
  Rendered shared/_sections_nav.html.erb (0.3ms)
  Rendered shared/_search_modal.html.erb (0.3ms)
  Rendered shared/_main_content.html.erb (0.1ms)
  Rendered static_pages/index.html.erb within layouts/application (12.9ms)
Completed 200 OK in 39ms (Views: 38.0ms | ActiveRecord: 0.0ms)


Started GET "/assets/application.self-86776c81b5b0f06fd311e82656ccd53da15b15e1e1fa5e3d6c3a24074bb8500e.css?body=1" for ::1 at 2021-02-11 14:01:04 -0500
Started GET "/assets/application.self-86776c81b5b0f06fd311e82656ccd53da15b15e1e1fa5e3d6c3a24074bb8500e.css?body=1&livereload=1613070070065" for ::1 at 2021-02-11 14:01:10 -0500
Started GET "/assets/application.self-86776c81b5b0f06fd311e82656ccd53da15b15e1e1fa5e3d6c3a24074bb8500e.css?body=1&livereload=1613070070066" for ::1 at 2021-02-11 14:01:10 -0500
Started GET "/assets/application.self-86776c81b5b0f06fd311e82656ccd53da15b15e1e1fa5e3d6c3a24074bb8500e.css?body=1&livereload=1613070184025" for ::1 at 2021-02-11 14:03:04 -0500
Started GET "/assets/application.self-86776c81b5b0f06fd311e82656ccd53da15b15e1e1fa5e3d6c3a24074bb8500e.css?body=1&livereload=1613070184024" for ::1 at 2021-02-11 14:03:04 -0500
Started GET "/assets/application.self-86776c81b5b0f06fd311e82656ccd53da15b15e1e1fa5e3d6c3a24074bb8500e.css?body=1&livereload=1613070188917" for ::1 at 2021-02-11 14:03:08 -0500
Started GET "/assets/application.self-86776c81b5b0f06fd311e82656ccd53da15b15e1e1fa5e3d6c3a24074bb8500e.css?body=1&livereload=1613070188919" for ::1 at 2021-02-11 14:03:08 -0500
Started GET "/assets/application.self-86776c81b5b0f06fd311e82656ccd53da15b15e1e1fa5e3d6c3a24074bb8500e.css?body=1&livereload=1613070287916" for ::1 at 2021-02-11 14:04:47 -0500
Started GET "/assets/application.self-86776c81b5b0f06fd311e82656ccd53da15b15e1e1fa5e3d6c3a24074bb8500e.css?body=1&livereload=1613070287918" for ::1 at 2021-02-11 14:04:47 -0500
Started GET "/assets/application.self-86776c81b5b0f06fd311e82656ccd53da15b15e1e1fa5e3d6c3a24074bb8500e.css?body=1&livereload=1613070297429" for ::1 at 2021-02-11 14:04:57 -0500
Started GET "/assets/application.self-86776c81b5b0f06fd311e82656ccd53da15b15e1e1fa5e3d6c3a24074bb8500e.css?body=1&livereload=1613070297429&livereload=1613070297429" for ::1 at 2021-02-11 14:04:57 -0500
Started GET "/assets/application.self-86776c81b5b0f06fd311e82656ccd53da15b15e1e1fa5e3d6c3a24074bb8500e.css?body=1&livereload=1613070302969&livereload=1613070297429" for ::1 at 2021-02-11 14:05:02 -0500
Started GET "/assets/application.self-86776c81b5b0f06fd311e82656ccd53da15b15e1e1fa5e3d6c3a24074bb8500e.css?body=1&livereload=1613070302972&livereload=1613070297429" for ::1 at 2021-02-11 14:05:02 -0500
Started GET "/assets/application.self-86776c81b5b0f06fd311e82656ccd53da15b15e1e1fa5e3d6c3a24074bb8500e.css?body=1&livereload=1613070307679&livereload=1613070297429" for ::1 at 2021-02-11 14:05:07 -0500
Started GET "/assets/application.self-86776c81b5b0f06fd311e82656ccd53da15b15e1e1fa5e3d6c3a24074bb8500e.css?body=1&livereload=1613070307680&livereload=1613070297429" for ::1 at 2021-02-11 14:05:07 -0500
Started GET "/assets/application.self-86776c81b5b0f06fd311e82656ccd53da15b15e1e1fa5e3d6c3a24074bb8500e.css?body=1&livereload=1613070308403&livereload=1613070297429" for ::1 at 2021-02-11 14:05:08 -0500
Started GET "/assets/application.self-86776c81b5b0f06fd311e82656ccd53da15b15e1e1fa5e3d6c3a24074bb8500e.css?body=1&livereload=1613070308403&livereload=1613070297429&livereload=1613070308403" for ::1 at 2021-02-11 14:05:08 -0500
Started GET "/assets/application.self-86776c81b5b0f06fd311e82656ccd53da15b15e1e1fa5e3d6c3a24074bb8500e.css?body=1&livereload=1613070318206&livereload=1613070297429&livereload=1613070308403" for ::1 at 2021-02-11 14:05:18 -0500
Started GET "/assets/application.self-86776c81b5b0f06fd311e82656ccd53da15b15e1e1fa5e3d6c3a24074bb8500e.css?body=1&livereload=1613070318208&livereload=1613070297429&livereload=1613070308403" for ::1 at 2021-02-11 14:05:18 -0500
Started GET "/assets/application.self-86776c81b5b0f06fd311e82656ccd53da15b15e1e1fa5e3d6c3a24074bb8500e.css?body=1&livereload=1613070412582&livereload=1613070297429&livereload=1613070308403" for ::1 at 2021-02-11 14:06:52 -0500
Started GET "/assets/application.self-86776c81b5b0f06fd311e82656ccd53da15b15e1e1fa5e3d6c3a24074bb8500e.css?body=1&livereload=1613070412583&livereload=1613070297429&livereload=1613070308403" for ::1 at 2021-02-11 14:06:52 -0500
Started GET "/assets/application.self-86776c81b5b0f06fd311e82656ccd53da15b15e1e1fa5e3d6c3a24074bb8500e.css?body=1&livereload=1613070421744&livereload=1613070297429&livereload=1613070308403" for ::1 at 2021-02-11 14:07:01 -0500
Started GET "/assets/application.self-86776c81b5b0f06fd311e82656ccd53da15b15e1e1fa5e3d6c3a24074bb8500e.css?body=1&livereload=1613070421745&livereload=1613070297429&livereload=1613070308403" for ::1 at 2021-02-11 14:07:01 -0500
Started GET "/assets/application.self-86776c81b5b0f06fd311e82656ccd53da15b15e1e1fa5e3d6c3a24074bb8500e.css?body=1&livereload=1613070422196&livereload=1613070297429&livereload=1613070308403" for ::1 at 2021-02-11 14:07:02 -0500
Started GET "/assets/application.self-86776c81b5b0f06fd311e82656ccd53da15b15e1e1fa5e3d6c3a24074bb8500e.css?body=1&livereload=1613070422198&livereload=1613070297429&livereload=1613070308403" for ::1 at 2021-02-11 14:07:02 -0500
Started GET "/assets/application.self-86776c81b5b0f06fd311e82656ccd53da15b15e1e1fa5e3d6c3a24074bb8500e.css?body=1&livereload=1613070433615&livereload=1613070297429&livereload=1613070308403" for ::1 at 2021-02-11 14:07:13 -0500
Started GET "/assets/application.self-86776c81b5b0f06fd311e82656ccd53da15b15e1e1fa5e3d6c3a24074bb8500e.css?body=1&livereload=1613070433618&livereload=1613070297429&livereload=1613070308403" for ::1 at 2021-02-11 14:07:13 -0500
Started GET "/assets/application.self-86776c81b5b0f06fd311e82656ccd53da15b15e1e1fa5e3d6c3a24074bb8500e.css?body=1&livereload=1613070468513&livereload=1613070297429&livereload=1613070308403" for ::1 at 2021-02-11 14:07:48 -0500
Started GET "/assets/application.self-86776c81b5b0f06fd311e82656ccd53da15b15e1e1fa5e3d6c3a24074bb8500e.css?body=1&livereload=1613070468515&livereload=1613070297429&livereload=1613070308403" for ::1 at 2021-02-11 14:07:48 -0500
Started GET "/" for ::1 at 2021-02-11 14:07:50 -0500
Processing by StaticPagesController#index as HTML
  Rendering static_pages/index.html.erb within layouts/application
  Rendered shared/_main_nav.html.erb (0.2ms)
  Rendered shared/_masthead.html.erb (0.1ms)
  Rendered shared/_sections_nav.html.erb (0.2ms)
  Rendered shared/_search_modal.html.erb (0.3ms)
  Rendered shared/_main_content.html.erb (0.4ms)
  Rendered static_pages/index.html.erb within layouts/application (10.9ms)
Completed 200 OK in 43ms (Views: 41.4ms | ActiveRecord: 0.0ms)


Started GET "/assets/application.self-67bcb83e6c2e573b017226382cb88ad244d654d8addd0d17b0a26f25af428b89.css?body=1" for ::1 at 2021-02-11 14:07:50 -0500
Started GET "/assets/application.self-67bcb83e6c2e573b017226382cb88ad244d654d8addd0d17b0a26f25af428b89.css?body=1&livereload=1613070480598" for ::1 at 2021-02-11 14:08:00 -0500
Started GET "/assets/application.self-67bcb83e6c2e573b017226382cb88ad244d654d8addd0d17b0a26f25af428b89.css?body=1&livereload=1613070480599" for ::1 at 2021-02-11 14:08:00 -0500
Started GET "/assets/application.self-67bcb83e6c2e573b017226382cb88ad244d654d8addd0d17b0a26f25af428b89.css?body=1&livereload=1613070483769" for ::1 at 2021-02-11 14:08:03 -0500
Started GET "/assets/application.self-67bcb83e6c2e573b017226382cb88ad244d654d8addd0d17b0a26f25af428b89.css?body=1&livereload=1613070483770" for ::1 at 2021-02-11 14:08:03 -0500
Started GET "/assets/application.self-67bcb83e6c2e573b017226382cb88ad244d654d8addd0d17b0a26f25af428b89.css?body=1&livereload=1613070490746" for ::1 at 2021-02-11 14:08:10 -0500
Started GET "/assets/application.self-67bcb83e6c2e573b017226382cb88ad244d654d8addd0d17b0a26f25af428b89.css?body=1&livereload=1613070490747" for ::1 at 2021-02-11 14:08:10 -0500
